<?xml version="1.0" encoding="UTF-8"?>
<!-- Generated by org.testng.reporters.JUnitReportReporter -->
<testsuite hostname="MEENA-S4-LP" name="com.qa.tests.GetAPITest" tests="2" failures="0" timestamp="22 Apr 2018 18:03:02 GMT" time="0.541" errors="0">
  <testcase name="GetAPITotalTaskTest" time="0.020" classname="com.qa.tests.GetAPITest"/>
  <testcase name="getAPITest" time="0.521" classname="com.qa.tests.GetAPITest"/>
</testsuite> <!-- com.qa.tests.GetAPITest -->
